<?xml version="1.0" encoding="UTF-8"?>
<!-- Generated by org.testng.reporters.JUnitReportReporter -->
<testsuite hostname="LPF1L0CNL" failures="0" tests="4" name="UsingDataProvider" time="2.627" errors="0" timestamp="2022-04-15T17:54:21 IST" skipped="0">
  <testcase classname="UsingDataProvider" name="addBook" time="0.627"/>
  <system-out/>
  <testcase classname="UsingDataProvider" name="DeleteBook" time="0.151"/>
  <system-out/>
  <testcase classname="UsingDataProvider" name="DeleteBook" time="1.639"/>
  <system-out/>
  <testcase classname="UsingDataProvider" name="addBook" time="0.210"/>
  <system-out/>
</testsuite> <!-- UsingDataProvider -->
