<?xml version="1.0" encoding="UTF-8"?>
<!-- Generated by org.testng.reporters.JUnitReportReporter -->
<testsuite hostname="LPF1L0CNL" failures="0" tests="1" name="DynamicJson" time="2.260" errors="0" timestamp="2022-04-13T17:36:17 IST" skipped="0">
  <testcase classname="DynamicJson" name="addBook" time="2.260"/>
  <system-out/>
</testsuite> <!-- DynamicJson -->
